+----------------------------------------------+
|AqFhksZxdKfVCEPElQMiMjScAetO.GUs?rxfHwJRgMEGit|
+----------------------------------------------+
+-----------------------------------+
|ii! .'e.UMjomghhHkcPCrinLHJrCrlJGnO|
+-----------------------------------+
+---------------------------------------------------------+
|noQwodsj.DkLLRwfeSl!iqncBFoVAHNTTvh FGpFbFjSoL?rvgtKvMKUj|
+---------------------------------------------------------+
+-----------------------------+
|yJormIGGLRWcHrLSNzCqENe?IQEoA|
+-----------------------------+
+--------------------------------------------------+
|DRnlNfyRoebboWGcWPmaxlbtkdQNkHpLqIUdTkSavZhPVLPRBc|
+--------------------------------------------------+
+-+
|!|
+-+
+------------------------------------------------------------------+
|?slvUXvV!TrzBCzvt'vbcFjTlnokiyjmOsFAiYwkRTPtopMNthUCS!n!pHmv'tNSRk|
+------------------------------------------------------------------+
+-----------------------------------------------+
|czjVNU!y!uIviAZ.Q!rni HPOTtsrHRzgZmSToqVPWiVohW|
+-----------------------------------------------+
+-------------------+
|CQdQzFKrTPwKq!NcowP|
+-------------------+
+--------------------------+
|SzZJJbmDX?OnjQOen MKHVpQfi|
+--------------------------+
+-------+
|jaQBEd'|
+-------+
+-------------------------------------------------+
|rFvnLHezOZic,LxgliwcKIW.h'dOsUmPzNclmeQZdWb!zwaQK|
+-------------------------------------------------+
+---------------------------------------------------+
|bDcKdpeYW''FamjRvPmlOjNhCkAFMuxTVGEWTGVHKReI,tzwjJO|
+---------------------------------------------------+
+---+
|   |
+---+
+----------------------------------------------------------+
|'QPDDAw'OCBmPhlmo,G '?scocvaLqpPg!lHDNDjhftUkKgELLJHGbH,c,|
+----------------------------------------------------------+
+--+
|QJ|
+--+
+-------+
|ToJCuaK|
+-------+
+-------------------------+
|D!PSmyo!CVxlJqJdNdr,?FOeO|
+-------------------------+
+------------+
|s?pApIzzoLuL|
+------------+
+-----------------------------------------------------+
|GHaVl.,HVhz?cbLOrqzpRwPrL!xgbYJGFQBPIuovAUqI,bpkqMFhi|
+-----------------------------------------------------+
+---------------------------------------------------------------------+
|zAODYgxtyCRyrB'oJpAx!WZvdxLkKgDkNrLLwbe.J!qYvum!HKzBGr!HMOXwSAEFYijup|
+---------------------------------------------------------------------+
+---------------------------+
|LI?VoNnopUnHqcCewRSkUghyOUl|
+---------------------------+
+---------+
|bpcuvbdOg|
+---------+
+-----------------+
|paWY!IVpJEUSq hQI|
+-----------------+
+---------------------------------------------------+
|P'tOqCXgp LCQblKk!,..oZh,MRRvsRkoc'KKUXXZIAIQJkYLdZ|
+---------------------------------------------------+
+-+
|z|
+-+
+-----------------------------------+
|VScAXEJkDAhtXIUaJepMLlADQZ EAmwn?ET|
+-----------------------------------+
+---------------------------------+
|NYuVi?MoirlDxto rdbOKzeQBjqBtu,'t|
+---------------------------------+
+--------------------------+
|Merry Christmas, Giovanni!|
+--------------------------+
+---------------------------------------------+
|ihjWwIJXPVWGWSKlzHUNUpTTHTSBU!PccWWEExtlthQha|
+---------------------------------------------+
+-----------+
|Jt?FNUWtBWc|
+-----------+
+------------------------------------------------------+
|mE.gZgoXNSvvlk,MwomqL.jKhraZVnahPamGeywXqXlH mttHDQsEX|
+------------------------------------------------------+
+---------------------------------------------------+
|zQ.bodDvTlM.wdw!XHLr,peLiIQDOM.fu.eO!OjVXTNt!jnZO i|
+---------------------------------------------------+
+------------------------------------------------------------------+
|MaVQbPfwTlwqcTcWMKKYxIizXWCETr?FqRnpGySrHoNPiODSynJT,XsYLSvEcqjyhC|
+------------------------------------------------------------------+
+-+
|'|
+-+
+-----------------------+
|OFeGStbGx'ladNWXUSHjsJD|
+-----------------------+
+-----------------------------------+
|td,W!W,tdfUNxp?AgqlxXswIRpFCseKSnLO|
+-----------------------------------+
+-----------------------------------------------------------+
|ZTrhAvjJ.KpDZCOkx'.BIDmjcRjISrJJcYWAtgktWF!O R'uNX!wsgLt?.b|
+-----------------------------------------------------------+
+--------------+
|aMKAAKQw qRFNi|
+--------------+
+-----+
|ZJvh!|
+-----+
+----------+
|          |
+----------+
+-------------+
|AfwrqEocfFgQt|
+-------------+
+--------+
|oZkNH.JY|
+--------+
+-+
|Z|
+-+
+------------------------------------------------------------+
|NjQxjOtQ FYquDkiIZedNb?jsjSRnLYa.GDcmVYjsWFSrVYXNdYAc,Hsdrjw|
+------------------------------------------------------------+
+--+
|  |
+--+
+----------------------------------------------------------------------+
|lmWfIUG,'IIPacnxe,bQYvJraohgvzBNRxYzjFsnfZ.lbgGlhN.?jJmhVzlr'S!Vh.nwxL|
+----------------------------------------------------------------------+
+--------------------------------------------------------------------+
|E fIDmCNjMu'Ye,eYJSlzcsTqWyeHURdR!Kmgm v'sA!Ct'A.XJzXctnWPywBhFkjpDv|
+--------------------------------------------------------------------+
+------+
|CTPD!D|
+------+
+--------------------+
|ZtcBBB'oTB O JKRpxyX|
+--------------------+
+----------------------------------------------------------------------+
|JKI.RUz,ZmT!tChypMPERzGEMHPi!BWLdwETqdMpnFjN wdubZXYyDudckjfJ?OSzsDNBh|
+----------------------------------------------------------------------+
+----------------------------------------------------------------------+
|                                                                      |
+----------------------------------------------------------------------+
+--------------------------------------+
|VFRN,KTZM?!eDecsAb QheqhYYKXYobTZQySBr|
+--------------------------------------+
+---------------------------------------------------------------+
|vVb.UcjF'GW.OsAYYZKrv'GSYjgScdID HwZPDwTjsLWJmUHdF'EBCozRArZCav|
+---------------------------------------------------------------+
+-------------------------------------------+
|jQzdDGxVTC.AScqurwGcdhzEwIfcTZHcH'dkKG?Da?e|
+-------------------------------------------+
+--------------------------------------------------------+
|'!yahU BZmTOGGbatqi,tdLjFs,Rc.v'?ZecLkBKCvqaZyhlUnmfw?vZ|
+--------------------------------------------------------+
+------------------+
|A?UuRH,YARX?BfsAbi|
+------------------+
+---------------------------------------+
|RfuLq'WqowqumDwBQvzskpNraEaFxH!oSxaat!x|
+---------------------------------------+
+----------------------------------------------------------------+
|HNPGvs.ozlav.kiHtLLVmnjR!HjTjhoOS,mntnAREGeEWslh,Ucn j?bOeSWr Kb|
+----------------------------------------------------------------+
+-+
|.|
+-+
+--------------------------------------------+
|qCkSZMZ?cJcnp V.IrBNCbobRd'foO LihD Zu.b,dmi|
+--------------------------------------------+
+--------------------------------------------------------------+
|lqDa.SRVVdH.KoMe?SCTfJQ?Jw ZkKXBYszYdqLWzsWcEImHsMBwnjz!Lw,, Q|
+--------------------------------------------------------------+
+-------------------------------------------------------------+
|c u,LWdVRbejVH.evQbiRaG.ZnscCAwLFXMjLVeuUhBHMBRhsYnjWRbOesONY|
+-------------------------------------------------------------+
+-----------------------------------------+
|LX!WScrLLYsQgbknfIsA.SIBfOQSwaBh?E!NEtypk|
+-----------------------------------------+
+--------+
| jNqayfr|
+--------+
+----------------------------+
|,Lojo!ekrYDDfpWKL nVB!GJOKOe|
+----------------------------+
+----------------------------------------------------+
|EpYRrLAagYXpnXl?IfSx?B?LjMThqVg.k?JHGkNKaC tArpauhDx|
+----------------------------------------------------+
+------------------------+
|S'BuROTsCqCiiThVjdgpnRek|
+------------------------+
+------------------------------------------+
|OgwNoHY?XqVPXw.LfSilmngOhRkzhGP!KdP'RGZOUN|
+------------------------------------------+
+----------------------------------------+
|NqT BoCc!?HvnVaD,KJGhiJua'shxmCcInijHQrJ|
+----------------------------------------+
+-------------------------------------+
|dwfrkm?.I.q,ha!e?sIkaPyZHjh IcWKwZZMd|
+-------------------------------------+
+-+
|w|
+-+
+-----------------------------------------------------------------+
|a?nsqTjSrtwnSFsLrA wH.vvenjtk.srVLPdE',Txx'hcwZzUWTBWgVYrerI!H Xt|
+-----------------------------------------------------------------+
+-------------------------------------------------------------------+
|TLYDdGQOnWCXOYkpRemc.?.vHcSOyXqkJpTSTJygFb,m eHPoSXoNPIvQsbohyEWLyG|
+-------------------------------------------------------------------+
+---------------+
|ZyJD'U ncJHlUmp|
+---------------+
+------------------------------+
|tzW.TnmBRYeINmheVXPnsgPfqLLgpa|
+------------------------------+
+------------------------------------+
|pAHOBKBgiOjOSxXpnpK,'XyypIih,STist?Z|
+------------------------------------+
+---+
|Vlj|
+---+
+-------------------------------------------+
|wRbwvmhBvzMHfSqvrEb'yRhfOWJNLwAhfIBGSO onKT|
+-------------------------------------------+
+----------------------------------+
|nSzqELwTV qglvEuus!RuTsBbZStSXKfHk|
+----------------------------------+
+---------------------+
|qNta,nMdAiQOBgL.pjvWg|
+---------------------+
+-+
|a|
+-+
+-----------------------+
|Luigi, you're the best!|
+-----------------------+
+--------------------------------+
|uD!.ckLY nF w cLKaX!rBspiehH.e'u|
+--------------------------------+
+-+
| |
+-+
+--------------------------+
|Happy New Year, Francesca.|
+--------------------------+
+----------------------------------------------------------------+
|JFq.!TjMz?LQ?ekEaExzBdFlUwyrSoEtZ,uUMJGdEjRIlberDIWfRtoDNSTG'x W|
+----------------------------------------------------------------+
+--------------------------------------------------------+
|mttAbbdNL,R?!,R'HYRFRwWLMcCAhRazczXbyYVb.Ee!FTYfRHIAdwlN|
+--------------------------------------------------------+
+------------------------------------------------+
|ecfpikU?'Fow!,gB fUXWafRNbXJv!xxeIKsREnVjHklAoTG|
+------------------------------------------------+
+----------+
|?rXKSRfcXU|
+----------+
+-------------------------------------------------------+
|cJpbJcuPhcNzOX?kMt ?Z!qkwVUenyZn guOoNvCVibB??SQwPTnKbE|
+-------------------------------------------------------+
+-+
|,|
+-+
+--------------------+
|ivp slyDB'DQzlZpIF X|
+--------------------+
+-------------------------------+
|EGFAGqLQPCP.dCeqEYomlEyaHMRtY z|
+-------------------------------+
+-+
|?|
+-+
+--------------------------------------------------------------+
|?Sh!FgUjqWMjMPYlxyu.Hiwsug,MmDvinAcYM! cYKjCz T?vfVctrALvtpGVQ|
+--------------------------------------------------------------+
+----------------------+
|WEDhEYVbVKpAdwBpaKVgtB|
+----------------------+
+-+
|A|
+-+
+----------------+
|CDnpfTNVJjSXZxKh|
+----------------+
+----+
|Glua|
+----+
