Case #1:
+------------------------------------------------------+
| kUyBifCmSwkSgmMttFkZ!szumTjzROPcAnBGq!YiyaZCtDTKjdBl |
+------------------------------------------------------+
Case #2:
+--------------------------------------------+
| m?qImhJwKIfEroZjtknhvHULSixmbnltizZBMJ?xji |
+--------------------------------------------+
Case #3:
+--------------------------+
| fZKhZTn!mJu.z.HZY QJQgug |
+--------------------------+
Case #4:
+-------------+
| gVEuLgQLjZa |
+-------------+
Case #5:
+------------------------------+
| nsjEZkFvYhkftcdMgXhxlcgg!F H |
+------------------------------+
Case #6:
+----------------------------------------------------+
| kmOPZxkkxKnUVGdBJ.ffYmIGZprGqzryK'oBBESXo?RjB.RcSU |
+----------------------------------------------------+
Case #7:
+------------------------------------+
| bGZKrsgsTGlNwU jsc!bUWEvSf PEBtDhk |
+------------------------------------+
Case #8:
+----------------------------------------------------------+
| IvUTiomPAqfr? PFsRg'bUYXXjoxSvrsWdmepwSWK?nG..ltRxxRsoOh |
+----------------------------------------------------------+
Case #9:
+---+
| Z |
+---+
Case #10:
+----------------------------+
| ADGNVKinQ,oIBsARKb,oKgAOst |
+----------------------------+
Case #11:
+--------------------+
| WEKZtNBzNLDOMdaMUy |
+--------------------+
Case #12:
+----------------------------------------------+
| KtadbgVZDOrSaBPvaUPwGDRWc?nrKqymPFnPJiOnV?fT |
+----------------------------------------------+
Case #13:
+---+
| ! |
+---+
Case #14:
+-----+
|     |
+-----+
Case #15:
+---+
| ' |
+---+
Case #16:
+------+
| G CN |
+------+
Case #17:
+---------------------------------------------------------------+
| yCsBtw.C,IiOOfGosVjqyvamDszhw!FSw?uOrmqs.E GHL, zcn?wmh KEf'z |
+---------------------------------------------------------------+
Case #18:
+-----------------------------------------------------------------------+
| jdsP?eHXiFcWvBY?AysEvupXG.lDv,QK!as kXVqD?nWwdZUzsyTKLQqLZ.g.IP?OhcW! |
+-----------------------------------------------------------------------+
Case #19:
+------------------------------------------------------------------------+
|                                                                        |
+------------------------------------------------------------------------+
Case #20:
+------------------+
| !R,tY!P?Khclg,,A |
+------------------+
Case #21:
+----------------------------------+
| z IY!W!Q'Tk! SBrSr'!T,?JaWXnf?.K |
+----------------------------------+
Case #22:
+-----------------------------------------------------------+
| eeblvAhPAphbumExw.CcHbQP!SNeI?EThE!IejpCEDJWVfurgUrL, AWX |
+-----------------------------------------------------------+
Case #23:
+-----------------------------------------------------+
| AcNGrYtxSuDXB'AdlmDe'P!T,A'.dIOKQBi rzCkZghscFtlX?n |
+-----------------------------------------------------+
Case #24:
+-------------------------------+
| kJGEZOaZWMmMRCYcCbUPW.ehcqle, |
+-------------------------------+
Case #25:
+----------------------------------------------------+
| KpELNIDOqrq'YEdi,Ey.ILlQiKZfNmWpzAbmiCaxSxBIZLWThu |
+----------------------------------------------------+
Case #26:
+-----------+
| ?,wFOkYS  |
+-----------+
Case #27:
+----------------+
| UradqhIshJYTSw |
+----------------+
Case #28:
+---------+
| rbTjAfh |
+---------+
Case #29:
+------------------------+
| LkUuOZw.xWVxCLKpXe.c f |
+------------------------+
Case #30:
+----------------------------+
| Happy New Year, Francesca. |
+----------------------------+
Case #31:
+------------------------------------------+
| !TocNooN'V.fJXIAZkrUtK mKEUOYAi.tC.'XoR, |
+------------------------------------------+
Case #32:
+----------------------------------------------------------------------+
| hmu'PVYNGTKQu,misLJhnVIHUhyHPzlUREQyzOl?A,U.U'anQPs,KZAxg !TEnNnXvSo |
+----------------------------------------------------------------------+
Case #33:
+---+
| w |
+---+
Case #34:
+-------+
| VmgPE |
+-------+
Case #35:
+-----------------------------------------+
| KWnQXOgFI MiUcnbKBpaNXFR!CQUlnnTbHB'nOC |
+-----------------------------------------+
Case #36:
+----------------------------------------+
| FrVNMGAdtUadDyQ!SiAXq hJqiqoJHgh'Z.JFt |
+----------------------------------------+
Case #37:
+---+
| , |
+---+
Case #38:
+---+
| A |
+---+
Case #39:
+---+
| a |
+---+
Case #40:
+------------------------+
| V?!DlNCosUkOlINDXpBu W |
+------------------------+
Case #41:
+-------------------------------------------------------------+
| nxiBCYgOl FJ.rjgvOosNffjXLCMNhjaDyAfwMRGJwhCLwOgd.FWgIg,tGN |
+-------------------------------------------------------------+
Case #42:
+----------------+
| jfVi!di'buDBhU |
+----------------+
Case #43:
+-----------------------------------------------+
| ESpCNe lNOiNSBeuQBMxg mNfZYY!,SzU bHbgYMT'rLy |
+-----------------------------------------------+
Case #44:
+-----------------------+
| VbFXpNouMf?fssojucbLA |
+-----------------------+
Case #45:
+--------------------------------------------+
| OOEKHJ?sEYvhciPwyBFmSn ncnNusJogpQP!AKn!IO |
+--------------------------------------------+
Case #46:
+-----------------------------------------------------+
| nQgTx'jUCxlZ!T?qnx.fuhiloHdfP,a.SeUha,ZIycAsUvOhYHs |
+-----------------------------------------------------+
Case #47:
+--------------------------------------+
| cLnD.DsdNuybmuKpFqiFzHx?!oni.AJclUDd |
+--------------------------------------+
Case #48:
+-------------------------+
| ByrIYAPBaARTTyKpyaemvMV |
+-------------------------+
Case #49:
+--------------------------------+
| rJlYhNY,MPPybChBApdzkQvk.AkqSu |
+--------------------------------+
Case #50:
+--------------------------------------+
| rOSnTld?ZrhJFliiIFdeJB gC SXChK.,ufM |
+--------------------------------------+
Case #51:
+---+
| z |
+---+
Case #52:
+-------------------------------------+
| owIAUt'?htQeIimKi'GKzrVwgz?xdcOpFoN |
+-------------------------------------+
Case #53:
+---------------------------------------------+
| ZHuQOLbbZuGT?yZBIaM.r,zqueXpzhvyMOpszorqG?b |
+---------------------------------------------+
Case #54:
+---+
| ? |
+---+
Case #55:
+-----------------------------------------------------------------+
| oZ'zsDSjfLIfc sOnQaJvbsPXIsfuasOawfqXVFcygozdMfxum'WtoDiUTuo.S. |
+-----------------------------------------------------------------+
Case #56:
+---------------+
| oihCNeYgiLIAx |
+---------------+
Case #57:
+-------------------+
| uZTsmmv yQIXd!?fU |
+-------------------+
Case #58:
+-------------------------------------------+
| kS'RHNrHVGthjyrZddFZJURcwRhlgWnoOjfoUC,Qb |
+-------------------------------------------+
Case #59:
+------------------------------------------------------------------+
| Yg?gdYRdoVxT c uujqiACRPwDjQDZIt?LF'Joh?kDPhDUz?,NeBpTqJwxrXw qr |
+------------------------------------------------------------------+
Case #60:
+-----------------+
| AYmYmBfVopLsvwa |
+-----------------+
Case #61:
+-------------------------------------------------+
| DU ipHrXfrlLwU,WahLmpjw.XyCyrY..KXaXwyUIN?tbXm' |
+-------------------------------------------------+
Case #62:
+---------------------------------+
| jb,tXigNkQCXgBztcXPewX.P ,qpraH |
+---------------------------------+
Case #63:
+------------+
| u.asHqH ps |
+------------+
Case #64:
+---------------------+
| W'ZTvHBsRDn!pcz ZQK |
+---------------------+
Case #65:
+-------------------------+
| Luigi, you're the best! |
+-------------------------+
Case #66:
+----------+
| YKy.!kxz |
+----------+
Case #67:
+--------------+
| G!c,IOlyHiYz |
+--------------+
Case #68:
+-------------+
| ,Mf.XoynaDL |
+-------------+
Case #69:
+-------------------------------------------------------------------+
| Q,vriBmqebDFT.AUFKwSESBYiYWKVm.Lgvcu!uQ'ClBndciOKCGgm fAVbdQldBpE |
+-------------------------------------------------------------------+
Case #70:
+---------------------------------------------------------------------+
| EbSV J,YgmMfDt.ZsVou iXXzdKyTOnyV?lSFeQRwu!aTV eIlEOztDXCfvvZGRUCcM |
+---------------------------------------------------------------------+
Case #71:
+---------------------+
| TmdoRlGdTUHjcmOHHJJ |
+---------------------+
Case #72:
+----------------------------------------------------------------+
| QX,TrPkB?AtzFahjZeObyJvIWBktEoYudRfsHvZCTtczrhGqrupN,RnXkDqUQg |
+----------------------------------------------------------------+
Case #73:
+---+
| . |
+---+
Case #74:
+--------------------------------------------------------------------+
| BHz,pvvG?PHfVvVxZ.P'fiZmrPvAiR!PyBJUVesYRa,EtObtOPpZ?pdm!xSloMaKgP |
+--------------------------------------------------------------------+
Case #75:
+-----------------------------------------------------------------------+
| n!Qus YlUnHjMASgSpwvIUBTJKvnsHnLB,fRa,cSgPbYqZ!aoyCUl,O.LbfdGyU AXXyZ |
+-----------------------------------------------------------------------+
Case #76:
+---------------------------------------+
| DoPCDUebfkpLNyNwXSIzPBwsG kzrvl,HYvkS |
+---------------------------------------+
Case #77:
+------------------------------------------------------------+
| oayjDjxhd?jttSVUBKPFe'JWnuPtSLi'KMonTRs?UHofzb ZRMETInP!FF |
+------------------------------------------------------------+
Case #78:
+---------------------------------------------------------+
| sDBcDTXtzb C JXQJhxPs  qlGXkd,KBwlBX!zquyw!DfRmM HuxNzL |
+---------------------------------------------------------+
Case #79:
+-----------------------------+
| J.dvQBXpgSXugOvsw!JUUt,NNEZ |
+-----------------------------+
Case #80:
+----------------------+
| ApxdQeWSkAMHoJy egyu |
+----------------------+
Case #81:
+-------------------------------------------------------+
| tbLE.S,JGRJ'!lLtfBzJIqdZ.!Bj?cswb,aZUcJsRsxTBieMPCnpY |
+-------------------------------------------------------+
Case #82:
+------------+
|            |
+------------+
Case #83:
+-----+
| FxV |
+-----+
Case #84:
+----------------------------------------------------------+
| WfIggBXG'a ,dwkv,EpwPhOumwUPblt?obkAB gFfeygGGHHkVeYcQsu |
+----------------------------------------------------------+
Case #85:
+--------------------------------------------------------------+
|  MV?plDsFpjlXDrzoLntUoWJsENtVt'.fZ'scHQOV XSIorVYCoKWctgEgxz |
+--------------------------------------------------------------+
Case #86:
+------------------------------------------------+
| Cfo,PR M!SP,RO?SyCEDCdCGcoz'LkCfnOgcGlMIeCBTqE |
+------------------------------------------------+
Case #87:
+---------------------------------------------------+
| ASvKKXBawSLRneZvkhbe?HPRvt.t!ynvrG?ZEE awIPPSGdcT |
+---------------------------------------------------+
Case #88:
+---------------------------------+
| PIiqjbl TEFEaXZMFaDwAkxHZqAprt' |
+---------------------------------+
Case #89:
+---+
|   |
+---+
Case #90:
+--------+
| kdYHji |
+--------+
Case #91:
+---------------------------+
| DAiN,SIgRktJdELnn?fTVKSUQ |
+---------------------------+
Case #92:
+--------------------------+
| UYTnzTwupGQiYRCH.bRT,yc, |
+--------------------------+
Case #93:
+-----------------------------------+
| cAI!wLSBwdvBTUQLlUGfNJMTxJ'IE'tEE |
+-----------------------------------+
Case #94:
+----+
|    |
+----+
Case #95:
+----+
| uM |
+----+
Case #96:
+--------------------------------------------------------+
| woQqNXtWpW?rU?dUEtLUWxw!zaKbmXYOeO?XMwLZkPifKj gJJax'u |
+--------------------------------------------------------+
Case #97:
+-----------+
| IUX?srIDj |
+-----------+
Case #98:
+--------------------------------------------------+
| VzHaNWCNLapbxfZpVXwKlSEZxzkFoDBkcaqN!QAFWVElaDyT |
+--------------------------------------------------+
Case #99:
+------------------------------------------------------------------------+
| VeFZxtnytiWJEPtqFIZxIgxi,s!aBQ.o.yfqXzMiFIXjxjx,XxyxBTLumFsLns fWlBMQo |
+------------------------------------------------------------------------+
Case #100:
+----------------------------+
| Merry Christmas, Giovanni! |
+----------------------------+
