Case #1: 6 4
Case #2: 1 7
Case #3: 2 4
Case #4: 10 8
Case #5: 6 4
Case #6: 3 1
Case #7: 3 1
Case #8: 7 5
Case #9: 4 2
Case #10: 4 2
Case #11: 2 8
Case #12: 6 4
Case #13: 4 2
Case #14: 2 4
Case #15: 1 3
Case #16: 4 2
Case #17: 5 3
Case #18: 2 4
Case #19: 2 10
Case #20: 1 5
Case #21: 2 4
Case #22: 4 2
Case #23: 2 10
Case #24: 3 1
Case #25: 4 2
Case #26: 3 1
Case #27: 8 6
Case #28: 2 10
Case #29: 2 4
Case #30: 3 1
Case #31: 2 6
Case #32: 7 5
Case #33: 4 2
Case #34: 1 3
Case #35: 6 4
Case #36: 3 1
Case #37: 1 9
Case #38: 8 6
Case #39: 1 9
Case #40: 1 5
Case #41: 4 2
Case #42: 1 9
Case #43: 2 8
Case #44: 2 6
Case #45: 4 2
Case #46: 7 5
Case #47: 1 7
Case #48: 3 1
Case #49: 5 3
Case #50: 3 1
Case #51: 4 2
Case #52: 1 3
Case #53: 1 3
Case #54: 5 3
Case #55: 2 4
Case #56: 4 2
Case #57: 4 2
Case #58: 4 2
Case #59: 2 10
Case #60: 3 1
Case #61: 2 8
Case #62: 2 6
Case #63: 2 4
Case #64: 6 4
Case #65: 1 9
Case #66: 8 6
Case #67: 4 2
Case #68: 1 5
Case #69: 5 3
Case #70: 3 1
Case #71: 5 3
Case #72: 1 3
Case #73: 4 2
Case #74: 7 5
Case #75: 1 7
Case #76: 9 7
Case #77: 4 2
Case #78: 6 4
Case #79: 1 7
Case #80: 6 4
Case #81: 5 3
Case #82: 6 4
Case #83: 9 7
Case #84: 6 4
Case #85: 8 6
Case #86: 1 9
Case #87: 3 1
Case #88: 10 8
Case #89: 1 3
Case #90: 9 7
Case #91: 1 7
Case #92: 9 7
Case #93: 3 1
Case #94: 3 1
Case #95: 2 6
Case #96: 8 6
Case #97: 4 2
Case #98: 2 4
Case #99: 3 1
Case #100: 1 3
